<?xml version="1.0" encoding="UTF-8"?>
<testng-results total="1" passed="1" failed="0" skipped="0">
  <reporter-output>
  </reporter-output>
  <suite started-at="2019-07-29T16:19:45Z" name="Default suite" finished-at="2019-07-29T16:20:01Z" duration-ms="15493">
    <groups>
    </groups>
    <test started-at="2019-07-29T16:19:45Z" name="Default test" finished-at="2019-07-29T16:20:01Z" duration-ms="15493">
      <class name="secondextentreportexample.TestGoogle">
        <test-method is-config="true" signature="setUp()[pri:0, instance:secondextentreportexample.TestGoogle@7b9a4292]" started-at="2019-07-29T21:49:45Z" name="setUp" finished-at="2019-07-29T21:49:51Z" duration-ms="6298" status="PASS">
          <reporter-output>
          </reporter-output>
        </test-method> <!-- setUp -->
        <test-method signature="test_google()[pri:0, instance:secondextentreportexample.TestGoogle@7b9a4292]" started-at="2019-07-29T21:49:51Z" name="test_google" finished-at="2019-07-29T21:49:54Z" duration-ms="2783" status="PASS">
          <reporter-output>
          </reporter-output>
        </test-method> <!-- test_google -->
        <test-method is-config="true" signature="tearDown()[pri:0, instance:secondextentreportexample.TestGoogle@7b9a4292]" started-at="2019-07-29T21:49:54Z" name="tearDown" finished-at="2019-07-29T21:50:01Z" duration-ms="6392" status="PASS">
          <reporter-output>
          </reporter-output>
        </test-method> <!-- tearDown -->
      </class> <!-- secondextentreportexample.TestGoogle -->
    </test> <!-- Default test -->
  </suite> <!-- Default suite -->
</testng-results>
