<?xml version="1.0" encoding="UTF-8"?>
<testng-results total="1" passed="1" failed="0" skipped="0">
  <reporter-output>
  </reporter-output>
  <suite started-at="2019-07-29T15:54:04Z" name="Default suite" finished-at="2019-07-29T15:54:25Z" duration-ms="21576">
    <groups>
    </groups>
    <test started-at="2019-07-29T15:54:04Z" name="Default test" finished-at="2019-07-29T15:54:25Z" duration-ms="21576">
      <class name="reportexample.ExtentReportExample">
        <test-method is-config="true" signature="setUp()[pri:0, instance:reportexample.ExtentReportExample@6379eb]" started-at="2019-07-29T21:24:04Z" name="setUp" finished-at="2019-07-29T21:24:10Z" duration-ms="6434" status="PASS">
          <reporter-output>
          </reporter-output>
        </test-method> <!-- setUp -->
        <test-method signature="test_googlepage()[pri:0, instance:reportexample.ExtentReportExample@6379eb]" started-at="2019-07-29T21:24:10Z" name="test_googlepage" finished-at="2019-07-29T21:24:22Z" duration-ms="11746" status="PASS">
          <reporter-output>
          </reporter-output>
        </test-method> <!-- test_googlepage -->
        <test-method is-config="true" signature="tearDown()[pri:0, instance:reportexample.ExtentReportExample@6379eb]" started-at="2019-07-29T21:24:22Z" name="tearDown" finished-at="2019-07-29T21:24:25Z" duration-ms="3370" status="PASS">
          <reporter-output>
          </reporter-output>
        </test-method> <!-- tearDown -->
      </class> <!-- reportexample.ExtentReportExample -->
    </test> <!-- Default test -->
  </suite> <!-- Default suite -->
</testng-results>
