<?xml version="1.0" encoding="UTF-8"?>
<!-- Generated by org.testng.reporters.JUnitXMLReporter -->
<testsuite ignored="4" hostname="IN1244374W2" failures="0" tests="2" name="Test" time="37.783" errors="0" timestamp="29 Jul 2019 09:36:32 GMT">
  <testcase classname="reportbaseclassconfiguration.MainPageTest" name="test_homepage" time="27.799"/>
  <testcase classname="reportbaseclassconfiguration.LoginPageTest" name="logintest" time="3.28"/>
  <testcase classname="reportbaseclassconfiguration.BaseTest" name="@BeforeTest setUp" time="0.0">
    <ignored/>
  </testcase> <!-- @BeforeTest setUp -->
  <testcase classname="reportbaseclassconfiguration.BaseTest" name="@BeforeTest setUp" time="0.0">
    <ignored/>
  </testcase> <!-- @BeforeTest setUp -->
  <testcase classname="reportbaseclassconfiguration.BaseTest" name="@AfterTest tearDown" time="0.0">
    <ignored/>
  </testcase> <!-- @AfterTest tearDown -->
  <testcase classname="reportbaseclassconfiguration.BaseTest" name="@AfterTest tearDown" time="0.0">
    <ignored/>
  </testcase> <!-- @AfterTest tearDown -->
</testsuite> <!-- Test -->
