<?xml version="1.0" encoding="UTF-8"?>
<testng-results total="3" passed="3" failed="0" skipped="0">
  <reporter-output>
  </reporter-output>
  <suite started-at="2019-07-20T14:46:51Z" name="Suite" finished-at="2019-07-20T14:48:11Z" duration-ms="79896">
    <groups>
    </groups>
    <test started-at="2019-07-20T14:46:51Z" name="Test" finished-at="2019-07-20T14:48:11Z" duration-ms="79896">
      <class name="paralleltesting.ParallelBrowserTest">
        <test-method signature="executiontwo()[pri:0, instance:paralleltesting.ParallelBrowserTest@44ebcd03]" started-at="2019-07-20T20:16:51Z" name="executiontwo" finished-at="2019-07-20T20:18:11Z" duration-ms="79851" status="PASS">
          <reporter-output>
          </reporter-output>
        </test-method> <!-- executiontwo -->
        <test-method signature="executionthree()[pri:0, instance:paralleltesting.ParallelBrowserTest@44ebcd03]" started-at="2019-07-20T20:16:51Z" name="executionthree" finished-at="2019-07-20T20:17:42Z" duration-ms="51188" status="PASS">
          <reporter-output>
          </reporter-output>
        </test-method> <!-- executionthree -->
        <test-method signature="executionOne()[pri:0, instance:paralleltesting.ParallelBrowserTest@44ebcd03]" started-at="2019-07-20T20:16:51Z" name="executionOne" finished-at="2019-07-20T20:17:41Z" duration-ms="50049" status="PASS">
          <reporter-output>
          </reporter-output>
        </test-method> <!-- executionOne -->
      </class> <!-- paralleltesting.ParallelBrowserTest -->
    </test> <!-- Test -->
  </suite> <!-- Suite -->
</testng-results>
