<?xml version="1.0" encoding="UTF-8"?>
<testng-results total="1" passed="1" failed="0" skipped="0">
  <reporter-output>
  </reporter-output>
  <suite started-at="2019-07-20T11:16:26Z" name="Suite" finished-at="2019-07-20T11:17:24Z" duration-ms="58168">
    <groups>
    </groups>
    <test started-at="2019-07-20T11:16:26Z" name="Test" finished-at="2019-07-20T11:17:24Z" duration-ms="58168">
      <class name="thirdtestngparameters.LambdaTestTestNG">
        <test-method is-config="true" signature="init(java.lang.String, java.lang.String)[pri:0, instance:thirdtestngparameters.LambdaTestTestNG@a514af7]" started-at="2019-07-20T16:46:26Z" name="init" finished-at="2019-07-20T16:46:32Z" duration-ms="6165" status="PASS">
          <params>
            <param index="0">
              <value>
                <![CDATA[webdriver.chrome.driver]]>
              </value>
            </param>
            <param index="1">
              <value>
                <![CDATA[C:\\Users\\EP833WG\\Desktop\\Driver\\chromedriver.exe]]>
              </value>
            </param>
          </params>
          <reporter-output>
          </reporter-output>
        </test-method> <!-- init -->
        <test-method signature="test_login_page(java.lang.String, java.lang.String, java.lang.String)[pri:0, instance:thirdtestngparameters.LambdaTestTestNG@a514af7]" started-at="2019-07-20T16:46:32Z" name="test_login_page" finished-at="2019-07-20T16:47:18Z" duration-ms="45960" status="PASS">
          <params>
            <param index="0">
              <value>
                <![CDATA[https://accounts.lambdatest.com/login]]>
              </value>
            </param>
            <param index="1">
              <value>
                <![CDATA[sudarshang@hexaware.com]]>
              </value>
            </param>
            <param index="2">
              <value>
                <![CDATA[password1]]>
              </value>
            </param>
          </params>
          <reporter-output>
          </reporter-output>
        </test-method> <!-- test_login_page -->
        <test-method is-config="true" signature="finalize()[pri:0, instance:thirdtestngparameters.LambdaTestTestNG@a514af7]" started-at="2019-07-20T16:47:18Z" name="finalize" finished-at="2019-07-20T16:47:24Z" duration-ms="6022" status="PASS">
          <reporter-output>
          </reporter-output>
        </test-method> <!-- finalize -->
      </class> <!-- thirdtestngparameters.LambdaTestTestNG -->
    </test> <!-- Test -->
  </suite> <!-- Suite -->
</testng-results>
