<?xml version="1.0" encoding="UTF-8"?>
<testng-results total="1" passed="1" failed="0" skipped="0">
  <reporter-output>
  </reporter-output>
  <suite started-at="2019-07-26T07:02:42Z" name="Default suite" finished-at="2019-07-26T07:03:00Z" duration-ms="18381">
    <groups>
    </groups>
    <test started-at="2019-07-26T07:02:42Z" name="Default test" finished-at="2019-07-26T07:03:00Z" duration-ms="18381">
      <class name="pageobjectmodelbaseclasssecondexample.RegisterTest">
        <test-method is-config="true" signature="setUp()[pri:0, instance:pageobjectmodelbaseclasssecondexample.RegisterTest@359f7cdf]" started-at="2019-07-26T12:32:42Z" name="setUp" finished-at="2019-07-26T12:32:47Z" duration-ms="5750" status="PASS">
          <reporter-output>
          </reporter-output>
        </test-method> <!-- setUp -->
        <test-method signature="login_test()[pri:0, instance:pageobjectmodelbaseclasssecondexample.RegisterTest@359f7cdf]" started-at="2019-07-26T12:32:47Z" name="login_test" finished-at="2019-07-26T12:32:59Z" duration-ms="11675" status="PASS">
          <reporter-output>
          </reporter-output>
        </test-method> <!-- login_test -->
        <test-method is-config="true" signature="tearDown()[pri:0, instance:pageobjectmodelbaseclasssecondexample.RegisterTest@359f7cdf]" started-at="2019-07-26T12:32:59Z" name="tearDown" finished-at="2019-07-26T12:33:00Z" duration-ms="954" status="PASS">
          <reporter-output>
          </reporter-output>
        </test-method> <!-- tearDown -->
      </class> <!-- pageobjectmodelbaseclasssecondexample.RegisterTest -->
    </test> <!-- Default test -->
  </suite> <!-- Default suite -->
</testng-results>
