<?xml version="1.0" encoding="UTF-8"?>
<!-- Generated by org.testng.reporters.JUnitXMLReporter -->
<testsuite ignored="2" hostname="IN1244374W2" failures="0" tests="2" name="Default test" time="29.984" errors="0" timestamp="29 Jul 2019 07:42:30 GMT">
  <testcase classname="reportbaseclassconfiguration.MainPageTest" name="test_homepage" time="19.91"/>
  <testcase classname="reportbaseclassconfiguration.LoginPageTest" name="logintest" time="2.91"/>
  <testcase classname="reportbaseclassconfiguration.BaseTest" name="@BeforeTest setUp" time="0.0">
    <ignored/>
  </testcase> <!-- @BeforeTest setUp -->
  <testcase classname="reportbaseclassconfiguration.BaseTest" name="@AfterTest tearDown" time="0.0">
    <ignored/>
  </testcase> <!-- @AfterTest tearDown -->
</testsuite> <!-- Default test -->
