<?xml version="1.0" encoding="UTF-8"?>
<testng-results total="1" passed="1" failed="0" skipped="0">
  <reporter-output>
  </reporter-output>
  <suite started-at="2019-07-26T04:19:16Z" name="Default suite" finished-at="2019-07-26T04:19:36Z" duration-ms="20237">
    <groups>
    </groups>
    <test started-at="2019-07-26T04:19:16Z" name="Default test" finished-at="2019-07-26T04:19:36Z" duration-ms="20237">
      <class name="pageobjectmodelbaseclass.RegisterTest">
        <test-method is-config="true" signature="setUP()[pri:0, instance:pageobjectmodelbaseclass.RegisterTest@359f7cdf]" started-at="2019-07-26T09:49:16Z" name="setUP" finished-at="2019-07-26T09:49:22Z" duration-ms="5885" status="PASS">
          <reporter-output>
          </reporter-output>
        </test-method> <!-- setUP -->
        <test-method signature="register_test()[pri:0, instance:pageobjectmodelbaseclass.RegisterTest@359f7cdf]" started-at="2019-07-26T09:49:22Z" name="register_test" finished-at="2019-07-26T09:49:35Z" duration-ms="13402" status="PASS">
          <reporter-output>
          </reporter-output>
        </test-method> <!-- register_test -->
        <test-method is-config="true" signature="close()[pri:0, instance:pageobjectmodelbaseclass.RegisterTest@359f7cdf]" started-at="2019-07-26T09:49:35Z" name="close" finished-at="2019-07-26T09:49:36Z" duration-ms="900" status="PASS">
          <reporter-output>
          </reporter-output>
        </test-method> <!-- close -->
      </class> <!-- pageobjectmodelbaseclass.RegisterTest -->
    </test> <!-- Default test -->
  </suite> <!-- Default suite -->
</testng-results>
