<?xml version="1.0" encoding="UTF-8"?>
<!-- Generated by org.testng.reporters.JUnitXMLReporter -->
<testsuite hostname="IN1244374W2" failures="0" tests="3" name="Test" time="79.896" errors="0" timestamp="20 Jul 2019 14:48:11 GMT">
  <testcase classname="paralleltesting.ParallelBrowserTest" name="executionOne" time="50.049"/>
  <testcase classname="paralleltesting.ParallelBrowserTest" name="executionthree" time="51.188"/>
  <testcase classname="paralleltesting.ParallelBrowserTest" name="executiontwo" time="79.851"/>
</testsuite> <!-- Test -->
