<?xml version="1.0" encoding="UTF-8"?>
<testng-results total="1" passed="1" failed="0" skipped="0">
  <reporter-output>
  </reporter-output>
  <suite started-at="2019-07-28T15:45:07Z" name="Default suite" finished-at="2019-07-28T15:45:34Z" duration-ms="27023">
    <groups>
    </groups>
    <test started-at="2019-07-28T15:45:07Z" name="Default test" finished-at="2019-07-28T15:45:34Z" duration-ms="27023">
      <class name="objectrepositoryexample.TestConfigFile">
        <test-method is-config="true" signature="setUp()[pri:0, instance:objectrepositoryexample.TestConfigFile@4f18837a]" started-at="2019-07-28T21:15:07Z" name="setUp" finished-at="2019-07-28T21:15:14Z" duration-ms="6461" status="PASS">
          <reporter-output>
          </reporter-output>
        </test-method> <!-- setUp -->
        <test-method signature="testURL()[pri:0, instance:objectrepositoryexample.TestConfigFile@4f18837a]" started-at="2019-07-28T21:15:14Z" name="testURL" finished-at="2019-07-28T21:15:33Z" duration-ms="19587" status="PASS">
          <reporter-output>
          </reporter-output>
        </test-method> <!-- testURL -->
        <test-method is-config="true" signature="tearDown()[pri:0, instance:objectrepositoryexample.TestConfigFile@4f18837a]" started-at="2019-07-28T21:15:33Z" name="tearDown" finished-at="2019-07-28T21:15:34Z" duration-ms="954" status="PASS">
          <reporter-output>
          </reporter-output>
        </test-method> <!-- tearDown -->
      </class> <!-- objectrepositoryexample.TestConfigFile -->
    </test> <!-- Default test -->
  </suite> <!-- Default suite -->
</testng-results>
